<?xml version="1.0" encoding="UTF-8"?>
<testsuite xmlns:xsi="http://www.w3.org/2001/XMLSchema-instance" xsi:noNamespaceSchemaLocation="https://maven.apache.org/surefire/maven-surefire-plugin/xsd/surefire-test-report.xsd" version="3.0.2" name="selenium.test.SingInSingOutTest" time="21.073" tests="5" errors="0" skipped="0" failures="0">
  <properties>
[...]
</properties>
  <testcase name="validSingInFromResetPasswordChapter" classname="selenium.test.SingInSingOutTest" time="3.885">
    <system-err><![CDATA[мар. 14, 2026 4:58:09 PM org.openqa.selenium.devtools.CdpVersionFinder findNearestMatch
WARNING: Unable to find an exact match for CDP version 145, returning the closest version; found: 144; Please update to a Selenium version that supports CDP version 145
]]></system-err>
  </testcase>
  <testcase name="validSingInFromRegisterChapter" classname="selenium.test.SingInSingOutTest" time="4.337">
    <system-err><![CDATA[мар. 14, 2026 4:58:13 PM org.openqa.selenium.devtools.CdpVersionFinder findNearestMatch
WARNING: Unable to find an exact match for CDP version 145, returning the closest version; found: 144; Please update to a Selenium version that supports CDP version 145
]]></system-err>
  </testcase>
  <testcase name="SingOutFromProfilePage" classname="selenium.test.SingInSingOutTest" time="4.934">
    <system-err><![CDATA[мар. 14, 2026 4:58:17 PM org.openqa.selenium.devtools.CdpVersionFinder findNearestMatch
WARNING: Unable to find an exact match for CDP version 145, returning the closest version; found: 144; Please update to a Selenium version that supports CDP version 145
]]></system-err>
  </testcase>
  <testcase name="validSingInFromMainPage" classname="selenium.test.SingInSingOutTest" time="4.209">
    <system-err><![CDATA[мар. 14, 2026 4:58:23 PM org.openqa.selenium.devtools.CdpVersionFinder findNearestMatch
WARNING: Unable to find an exact match for CDP version 145, returning the closest version; found: 144; Please update to a Selenium version that supports CDP version 145
]]></system-err>
  </testcase>
  <testcase name="validSingInFromPersonaProfile" classname="selenium.test.SingInSingOutTest" time="3.676">
    <system-err><![CDATA[мар. 14, 2026 4:58:27 PM org.openqa.selenium.devtools.CdpVersionFinder findNearestMatch
WARNING: Unable to find an exact match for CDP version 145, returning the closest version; found: 144; Please update to a Selenium version that supports CDP version 145
]]></system-err>
  </testcase>
</testsuite>